<?xml version="1.0" encoding="UTF-8"?>
<!-- Generated by org.testng.reporters.JUnitReportReporter -->
<testsuite skipped="0" hostname="CS-LP-321" name="hbpackage.HomeBinder.LogoutTest" tests="1" failures="0" timestamp="2020-03-09T18:40:09 IST" time="2.235" errors="0">
  <testcase name="logout" time="2.235" classname="hbpackage.HomeBinder.LogoutTest"/>
</testsuite> <!-- hbpackage.HomeBinder.LogoutTest -->
