<?xml version="1.0" encoding="UTF-8"?>
<!-- Generated by org.testng.reporters.JUnitReportReporter -->
<testsuite skipped="0" hostname="CS-LP-321" name="hbpackage.HomeBinder.LogoutTest" tests="1" failures="0" timestamp="09 Mar 2020 13:12:10 GMT" time="2.079" errors="0">
  <testcase name="logout" time="2.079" classname="hbpackage.HomeBinder.LogoutTest"/>
</testsuite> <!-- hbpackage.HomeBinder.LogoutTest -->
